Using pre-set license
Built from '2020.3/staging' branch; Version is '2020.3.14f1 (d0d1bb862f9d) revision 13685179'; Using compiler version '192528614'; Build Type 'Release'
OS: 'Windows 10 Home; OS build 19045.2486; Version 2009; 64bit' Language: 'pl' Physical Memory: 32157 MB
BatchMode: 1, IsHumanControllingUs: 0, StartBugReporterOnCrash: 0, Is64bit: 1, IsPro: 0

 COMMAND LINE ARGUMENTS:
C:\Program Files\UnityProjects\2020.3.14f1\Editor\Unity.exe
-adb2
-batchMode
-noUpm
-name
AssetImportWorker0
-projectPath
C:/I N Ż Y N I E R K A/THE LAST ONE CHESS WARRIORS/Chess_Final_25/Chess_Warriors_v_1_0 (4)/Chess_Warriors_v_1_0
-logFile
Logs/AssetImportWorker0.log
-srvPort
1627
Successfully changed project path to: C:/I N Ż Y N I E R K A/THE LAST ONE CHESS WARRIORS/Chess_Final_25/Chess_Warriors_v_1_0 (4)/Chess_Warriors_v_1_0
C:/I N Ż Y N I E R K A/THE LAST ONE CHESS WARRIORS/Chess_Final_25/Chess_Warriors_v_1_0 (4)/Chess_Warriors_v_1_0
Using Asset Import Pipeline V2.
Refreshing native plugins compatible for Editor in 59.52 ms, found 2 plugins.
Preloading 0 native plugins for Editor in 0.00 ms.
Initialize engine version: 2020.3.14f1 (d0d1bb862f9d)
[Subsystems] Discovering subsystems at path C:/Program Files/UnityProjects/2020.3.14f1/Editor/Data/Resources/UnitySubsystems
[Subsystems] Discovering subsystems at path C:/I N Ż Y N I E R K A/THE LAST ONE CHESS WARRIORS/Chess_Final_25/Chess_Warriors_v_1_0 (4)/Chess_Warriors_v_1_0/Assets
GfxDevice: creating device client; threaded=0
Direct3D:
    Version:  Direct3D 11.0 [level 11.1]
    Renderer: NVIDIA GeForce RTX 3060 Laptop GPU (ID=0x2520)
    Vendor:   
    VRAM:     6023 MB
    Driver:   30.0.15.1278
Shader 'Universal Render Pipeline/Particles/Lit': fallback shader 'Universal Render Pipeline/Particles/SimpleLit' not found
Initialize mono
Mono path[0] = 'C:/Program Files/UnityProjects/2020.3.14f1/Editor/Data/Managed'
Mono path[1] = 'C:/Program Files/UnityProjects/2020.3.14f1/Editor/Data/MonoBleedingEdge/lib/mono/unityjit'
Mono config path = 'C:/Program Files/UnityProjects/2020.3.14f1/Editor/Data/MonoBleedingEdge/etc'
Using monoOptions --debugger-agent=transport=dt_socket,embedding=1,server=y,suspend=n,address=127.0.0.1:56744
Begin MonoManager ReloadAssembly
Registering precompiled unity dll's ...
Register platform support module: C:/Program Files/UnityProjects/2020.3.14f1/Editor/Data/PlaybackEngines/WindowsStandaloneSupport/UnityEditor.WindowsStandalone.Extensions.dll
Registered in 0.003525 seconds.
Native extension for WindowsStandalone target not found
Refreshing native plugins compatible for Editor in 54.19 ms, found 2 plugins.
Preloading 0 native plugins for Editor in 0.00 ms.
Mono: successfully reloaded assembly
- Completed reload, in  1.651 seconds
Domain Reload Profiling:
	ReloadAssembly (1651ms)
		BeginReloadAssembly (53ms)
			ExecutionOrderSort (0ms)
			DisableScriptedObjects (0ms)
			BackupInstance (0ms)
			ReleaseScriptingObjects (0ms)
			CreateAndSetChildDomain (1ms)
		EndReloadAssembly (380ms)
			LoadAssemblies (50ms)
			RebuildTransferFunctionScriptingTraits (0ms)
			SetupTypeCache (138ms)
			ReleaseScriptCaches (0ms)
			RebuildScriptCaches (22ms)
			SetupLoadedEditorAssemblies (154ms)
				LogAssemblyErrors (0ms)
				InitializePlatformSupportModulesInManaged (4ms)
				SetLoadedEditorAssemblies (0ms)
				RefreshPlugins (54ms)
				BeforeProcessingInitializeOnLoad (6ms)
				ProcessInitializeOnLoadAttributes (67ms)
				ProcessInitializeOnLoadMethodAttributes (24ms)
				AfterProcessingInitializeOnLoad (0ms)
				EditorAssembliesLoaded (0ms)
			ExecutionOrderSort2 (0ms)
			AwakeInstancesAfterBackupRestoration (0ms)
Platform modules already initialized, skipping
Registering precompiled user dll's ...
Registered in 0.008592 seconds.
Begin MonoManager ReloadAssembly
Native extension for WindowsStandalone target not found
Refreshing native plugins compatible for Editor in 55.34 ms, found 2 plugins.
Preloading 0 native plugins for Editor in 0.00 ms.
Mono: successfully reloaded assembly
- Completed reload, in  1.049 seconds
Domain Reload Profiling:
	ReloadAssembly (1050ms)
		BeginReloadAssembly (119ms)
			ExecutionOrderSort (0ms)
			DisableScriptedObjects (5ms)
			BackupInstance (0ms)
			ReleaseScriptingObjects (0ms)
			CreateAndSetChildDomain (17ms)
		EndReloadAssembly (877ms)
			LoadAssemblies (115ms)
			RebuildTransferFunctionScriptingTraits (0ms)
			SetupTypeCache (270ms)
			ReleaseScriptCaches (1ms)
			RebuildScriptCaches (43ms)
			SetupLoadedEditorAssemblies (356ms)
				LogAssemblyErrors (0ms)
				InitializePlatformSupportModulesInManaged (4ms)
				SetLoadedEditorAssemblies (0ms)
				RefreshPlugins (55ms)
				BeforeProcessingInitializeOnLoad (82ms)
				ProcessInitializeOnLoadAttributes (197ms)
				ProcessInitializeOnLoadMethodAttributes (9ms)
				AfterProcessingInitializeOnLoad (8ms)
				EditorAssembliesLoaded (0ms)
			ExecutionOrderSort2 (0ms)
			AwakeInstancesAfterBackupRestoration (5ms)
Platform modules already initialized, skipping
========================================================================
Worker process is ready to serve import requests
Shader 'Universal Render Pipeline/Particles/Lit': fallback shader 'Universal Render Pipeline/Particles/SimpleLit' not found
Launched and connected shader compiler UnityShaderCompiler.exe after 0.05 seconds
Refreshing native plugins compatible for Editor in 0.68 ms, found 2 plugins.
Preloading 0 native plugins for Editor in 0.00 ms.
Unloading 3423 Unused Serialized files (Serialized files now loaded: 0)
System memory in use before: 163.4 MB.
System memory in use after: 163.6 MB.

Unloading 31 unused Assets to reduce memory usage. Loaded Objects now: 3885.
Total: 2.841700 ms (FindLiveObjects: 0.381300 ms CreateObjectMapping: 0.189400 ms MarkObjects: 2.106200 ms  DeleteObjects: 0.163800 ms)

AssetImportParameters requested are different than current active one (requested -> active):
  custom:framework-win-MediaFoundation: 216162199b28c13a410421893ffa2e32 -> 
  custom:video-decoder-ogg-theora: a1e56fd34408186e4bbccfd4996cb3dc -> 
  custom:container-muxer-webm: aa71ff27fc2769a1b78a27578f13a17b -> 
  custom:container-demuxer-webm: 4f35f7cbe854078d1ac9338744f61a02 -> 
  custom:container-demuxer-ogg: 62fdf1f143b41e24485cea50d1cbac27 -> 
  custom:video-encoder-webm-vp8: eb34c28f22e8b96e1ab97ce403110664 -> 
  custom:video-codec-MediaFoundation-h265: 746d11721c4dcdbdad8f713fa42b33f4 -> 
  custom:video-decoder-webm-vp8: 9c59270c3fd7afecdb556c50c9e8de78 -> 
  custom:audio-decoder-ogg-vorbis: bf7c407c2cedff20999df2af8eb42d56 -> 
  custom:audio-encoder-webm-vorbis: bf7c407c2cedff20999df2af8eb42d56 -> 
========================================================================
Received Import Request.
  path: Assets/Scenes/LVL1.unity
  artifactKey: Guid(de1e0b35058b9ae4ebf89470360b780e) Importer(815301076,1909f56bfc062723c751e8b465ee728b)
Start importing Assets/Scenes/LVL1.unity using Guid(de1e0b35058b9ae4ebf89470360b780e) Importer(815301076,1909f56bfc062723c751e8b465ee728b)  -> (artifact id: '0fd0035c674f24bc33671db50be8c713') in 0.016781 seconds 
  Import took 0.022686 seconds .

========================================================================
Received Import Request.
  Time since last request: 0.000217 seconds.
  path: Assets/Scenes/Main Menu.unity
  artifactKey: Guid(24ee742a859af2547ad0e35088fdfa90) Importer(815301076,1909f56bfc062723c751e8b465ee728b)
Start importing Assets/Scenes/Main Menu.unity using Guid(24ee742a859af2547ad0e35088fdfa90) Importer(815301076,1909f56bfc062723c751e8b465ee728b)  -> (artifact id: '2b23a6b253efeff0ae24c36e2ded4528') in 0.003123 seconds 
  Import took 0.008186 seconds .

========================================================================
Received Prepare
Registering precompiled user dll's ...
Registered in 0.010084 seconds.
Begin MonoManager ReloadAssembly
Native extension for WindowsStandalone target not found
Refreshing native plugins compatible for Editor in 0.71 ms, found 2 plugins.
Preloading 0 native plugins for Editor in 0.00 ms.
Mono: successfully reloaded assembly
- Completed reload, in  1.006 seconds
Domain Reload Profiling:
	ReloadAssembly (1006ms)
		BeginReloadAssembly (110ms)
			ExecutionOrderSort (0ms)
			DisableScriptedObjects (4ms)
			BackupInstance (0ms)
			ReleaseScriptingObjects (0ms)
			CreateAndSetChildDomain (33ms)
		EndReloadAssembly (830ms)
			LoadAssemblies (117ms)
			RebuildTransferFunctionScriptingTraits (0ms)
			SetupTypeCache (263ms)
			ReleaseScriptCaches (2ms)
			RebuildScriptCaches (47ms)
			SetupLoadedEditorAssemblies (327ms)
				LogAssemblyErrors (0ms)
				InitializePlatformSupportModulesInManaged (5ms)
				SetLoadedEditorAssemblies (0ms)
				RefreshPlugins (1ms)
				BeforeProcessingInitializeOnLoad (85ms)
				ProcessInitializeOnLoadAttributes (217ms)
				ProcessInitializeOnLoadMethodAttributes (10ms)
				AfterProcessingInitializeOnLoad (8ms)
				EditorAssembliesLoaded (0ms)
			ExecutionOrderSort2 (0ms)
			AwakeInstancesAfterBackupRestoration (6ms)
Platform modules already initialized, skipping
Shader 'Universal Render Pipeline/Particles/Lit': fallback shader 'Universal Render Pipeline/Particles/SimpleLit' not found
Refreshing native plugins compatible for Editor in 0.68 ms, found 2 plugins.
Preloading 0 native plugins for Editor in 0.00 ms.
Unloading 3324 Unused Serialized files (Serialized files now loaded: 0)
System memory in use before: 154.2 MB.
System memory in use after: 154.4 MB.

Unloading 26 unused Assets to reduce memory usage. Loaded Objects now: 3888.
Total: 2.523400 ms (FindLiveObjects: 0.340300 ms CreateObjectMapping: 0.160800 ms MarkObjects: 1.899200 ms  DeleteObjects: 0.122300 ms)

AssetImportParameters requested are different than current active one (requested -> active):
  custom:framework-win-MediaFoundation: 216162199b28c13a410421893ffa2e32 -> 
  custom:video-decoder-ogg-theora: a1e56fd34408186e4bbccfd4996cb3dc -> 
  custom:container-muxer-webm: aa71ff27fc2769a1b78a27578f13a17b -> 
  custom:container-demuxer-webm: 4f35f7cbe854078d1ac9338744f61a02 -> 
  custom:container-demuxer-ogg: 62fdf1f143b41e24485cea50d1cbac27 -> 
  custom:video-encoder-webm-vp8: eb34c28f22e8b96e1ab97ce403110664 -> 
  custom:video-codec-MediaFoundation-h265: 746d11721c4dcdbdad8f713fa42b33f4 -> 
  custom:video-decoder-webm-vp8: 9c59270c3fd7afecdb556c50c9e8de78 -> 
  custom:audio-decoder-ogg-vorbis: bf7c407c2cedff20999df2af8eb42d56 -> 
  custom:audio-encoder-webm-vorbis: bf7c407c2cedff20999df2af8eb42d56 -> 
========================================================================
Received Import Request.
  Time since last request: 77.498342 seconds.
  path: Assets/Scenes/LVL1.unity
  artifactKey: Guid(de1e0b35058b9ae4ebf89470360b780e) Importer(815301076,1909f56bfc062723c751e8b465ee728b)
Start importing Assets/Scenes/LVL1.unity using Guid(de1e0b35058b9ae4ebf89470360b780e) Importer(815301076,1909f56bfc062723c751e8b465ee728b)  -> (artifact id: '1d82d3dbd782871e8c5050cb1849d2ae') in 0.017866 seconds 
  Import took 0.023519 seconds .

========================================================================
Received Prepare
Registering precompiled user dll's ...
Registered in 0.004668 seconds.
Begin MonoManager ReloadAssembly
Native extension for WindowsStandalone target not found
Refreshing native plugins compatible for Editor in 0.72 ms, found 2 plugins.
Preloading 0 native plugins for Editor in 0.00 ms.
Mono: successfully reloaded assembly
- Completed reload, in  0.981 seconds
Domain Reload Profiling:
	ReloadAssembly (982ms)
		BeginReloadAssembly (117ms)
			ExecutionOrderSort (0ms)
			DisableScriptedObjects (4ms)
			BackupInstance (0ms)
			ReleaseScriptingObjects (0ms)
			CreateAndSetChildDomain (35ms)
		EndReloadAssembly (804ms)
			LoadAssemblies (96ms)
			RebuildTransferFunctionScriptingTraits (0ms)
			SetupTypeCache (273ms)
			ReleaseScriptCaches (2ms)
			RebuildScriptCaches (46ms)
			SetupLoadedEditorAssemblies (313ms)
				LogAssemblyErrors (0ms)
				InitializePlatformSupportModulesInManaged (5ms)
				SetLoadedEditorAssemblies (0ms)
				RefreshPlugins (1ms)
				BeforeProcessingInitializeOnLoad (81ms)
				ProcessInitializeOnLoadAttributes (210ms)
				ProcessInitializeOnLoadMethodAttributes (8ms)
				AfterProcessingInitializeOnLoad (8ms)
				EditorAssembliesLoaded (0ms)
			ExecutionOrderSort2 (0ms)
			AwakeInstancesAfterBackupRestoration (5ms)
Platform modules already initialized, skipping
Shader 'Universal Render Pipeline/Particles/Lit': fallback shader 'Universal Render Pipeline/Particles/SimpleLit' not found
Refreshing native plugins compatible for Editor in 0.72 ms, found 2 plugins.
Preloading 0 native plugins for Editor in 0.00 ms.
Unloading 3324 Unused Serialized files (Serialized files now loaded: 0)
System memory in use before: 154.3 MB.
System memory in use after: 154.4 MB.

Unloading 26 unused Assets to reduce memory usage. Loaded Objects now: 3891.
Total: 2.950700 ms (FindLiveObjects: 0.362300 ms CreateObjectMapping: 0.172500 ms MarkObjects: 2.271900 ms  DeleteObjects: 0.142900 ms)

AssetImportParameters requested are different than current active one (requested -> active):
  custom:framework-win-MediaFoundation: 216162199b28c13a410421893ffa2e32 -> 
  custom:video-decoder-ogg-theora: a1e56fd34408186e4bbccfd4996cb3dc -> 
  custom:container-muxer-webm: aa71ff27fc2769a1b78a27578f13a17b -> 
  custom:container-demuxer-webm: 4f35f7cbe854078d1ac9338744f61a02 -> 
  custom:container-demuxer-ogg: 62fdf1f143b41e24485cea50d1cbac27 -> 
  custom:video-encoder-webm-vp8: eb34c28f22e8b96e1ab97ce403110664 -> 
  custom:video-codec-MediaFoundation-h265: 746d11721c4dcdbdad8f713fa42b33f4 -> 
  custom:video-decoder-webm-vp8: 9c59270c3fd7afecdb556c50c9e8de78 -> 
  custom:audio-decoder-ogg-vorbis: bf7c407c2cedff20999df2af8eb42d56 -> 
  custom:audio-encoder-webm-vorbis: bf7c407c2cedff20999df2af8eb42d56 -> 
========================================================================
Received Prepare
Registering precompiled user dll's ...
Registered in 0.004802 seconds.
Begin MonoManager ReloadAssembly
Native extension for WindowsStandalone target not found
Refreshing native plugins compatible for Editor in 0.76 ms, found 2 plugins.
Preloading 0 native plugins for Editor in 0.00 ms.
Mono: successfully reloaded assembly
- Completed reload, in  1.022 seconds
Domain Reload Profiling:
	ReloadAssembly (1023ms)
		BeginReloadAssembly (134ms)
			ExecutionOrderSort (0ms)
			DisableScriptedObjects (4ms)
			BackupInstance (0ms)
			ReleaseScriptingObjects (0ms)
			CreateAndSetChildDomain (38ms)
		EndReloadAssembly (821ms)
			LoadAssemblies (98ms)
			RebuildTransferFunctionScriptingTraits (0ms)
			SetupTypeCache (259ms)
			ReleaseScriptCaches (2ms)
			RebuildScriptCaches (54ms)
			SetupLoadedEditorAssemblies (332ms)
				LogAssemblyErrors (0ms)
				InitializePlatformSupportModulesInManaged (5ms)
				SetLoadedEditorAssemblies (0ms)
				RefreshPlugins (1ms)
				BeforeProcessingInitializeOnLoad (85ms)
				ProcessInitializeOnLoadAttributes (223ms)
				ProcessInitializeOnLoadMethodAttributes (9ms)
				AfterProcessingInitializeOnLoad (9ms)
				EditorAssembliesLoaded (0ms)
			ExecutionOrderSort2 (0ms)
			AwakeInstancesAfterBackupRestoration (5ms)
Platform modules already initialized, skipping
Shader 'Universal Render Pipeline/Particles/Lit': fallback shader 'Universal Render Pipeline/Particles/SimpleLit' not found
Refreshing native plugins compatible for Editor in 0.70 ms, found 2 plugins.
Preloading 0 native plugins for Editor in 0.00 ms.
Unloading 3324 Unused Serialized files (Serialized files now loaded: 0)
System memory in use before: 154.3 MB.
System memory in use after: 154.5 MB.

Unloading 26 unused Assets to reduce memory usage. Loaded Objects now: 3894.
Total: 2.764500 ms (FindLiveObjects: 0.367400 ms CreateObjectMapping: 0.183800 ms MarkObjects: 2.096600 ms  DeleteObjects: 0.115900 ms)

AssetImportParameters requested are different than current active one (requested -> active):
  custom:framework-win-MediaFoundation: 216162199b28c13a410421893ffa2e32 -> 
  custom:video-decoder-ogg-theora: a1e56fd34408186e4bbccfd4996cb3dc -> 
  custom:container-muxer-webm: aa71ff27fc2769a1b78a27578f13a17b -> 
  custom:container-demuxer-webm: 4f35f7cbe854078d1ac9338744f61a02 -> 
  custom:container-demuxer-ogg: 62fdf1f143b41e24485cea50d1cbac27 -> 
  custom:video-encoder-webm-vp8: eb34c28f22e8b96e1ab97ce403110664 -> 
  custom:video-codec-MediaFoundation-h265: 746d11721c4dcdbdad8f713fa42b33f4 -> 
  custom:video-decoder-webm-vp8: 9c59270c3fd7afecdb556c50c9e8de78 -> 
  custom:audio-decoder-ogg-vorbis: bf7c407c2cedff20999df2af8eb42d56 -> 
  custom:audio-encoder-webm-vorbis: bf7c407c2cedff20999df2af8eb42d56 -> 
========================================================================
Received Import Request.
  Time since last request: 100.762401 seconds.
  path: Assets/CutScene/01_scene.png
  artifactKey: Guid(64c85590428ab054fbe65c8b2da159bb) Importer(815301076,1909f56bfc062723c751e8b465ee728b)
Start importing Assets/CutScene/01_scene.png using Guid(64c85590428ab054fbe65c8b2da159bb) Importer(815301076,1909f56bfc062723c751e8b465ee728b)  -> (artifact id: 'af2f0a438e33e654ec3910c341d312cb') in 0.168386 seconds 
  Import took 0.174175 seconds .

========================================================================
Received Import Request.
  Time since last request: 0.000179 seconds.
  path: Assets/CutScene/04_scene.png
  artifactKey: Guid(fb7e463553db6ab4f9ade3f8fbfbe311) Importer(815301076,1909f56bfc062723c751e8b465ee728b)
Start importing Assets/CutScene/04_scene.png using Guid(fb7e463553db6ab4f9ade3f8fbfbe311) Importer(815301076,1909f56bfc062723c751e8b465ee728b)  -> (artifact id: 'd00dcdf2a70628beaefade8b07eb881a') in 0.018690 seconds 
  Import took 0.023608 seconds .

========================================================================
Received Import Request.
  Time since last request: 0.000185 seconds.
  path: Assets/CutScene/02_scene_temp.png
  artifactKey: Guid(51c6a18cf75bee84ca41df998ae3a932) Importer(815301076,1909f56bfc062723c751e8b465ee728b)
Start importing Assets/CutScene/02_scene_temp.png using Guid(51c6a18cf75bee84ca41df998ae3a932) Importer(815301076,1909f56bfc062723c751e8b465ee728b)  -> (artifact id: '075138262e12e9a95bfb2d7e0e2b4470') in 0.020265 seconds 
  Import took 0.025131 seconds .

========================================================================
Received Import Request.
  Time since last request: 0.000189 seconds.
  path: Assets/CutScene/02_scene.png
  artifactKey: Guid(8eef06da2cf849b4ba92c7b757283f9e) Importer(815301076,1909f56bfc062723c751e8b465ee728b)
Start importing Assets/CutScene/02_scene.png using Guid(8eef06da2cf849b4ba92c7b757283f9e) Importer(815301076,1909f56bfc062723c751e8b465ee728b)  -> (artifact id: '36978c6b165dcbe5d044d2b398e2a77e') in 0.017917 seconds 
  Import took 0.023339 seconds .

========================================================================
Received Import Request.
  Time since last request: 0.000173 seconds.
  path: Assets/CutScene/05_scene_temp.png
  artifactKey: Guid(7ccd814f6cf5cb548b723b240526c8fc) Importer(815301076,1909f56bfc062723c751e8b465ee728b)
Start importing Assets/CutScene/05_scene_temp.png using Guid(7ccd814f6cf5cb548b723b240526c8fc) Importer(815301076,1909f56bfc062723c751e8b465ee728b)  -> (artifact id: '517a20818358330112249b4d7600fde9') in 0.008453 seconds 
  Import took 0.013733 seconds .

========================================================================
Received Import Request.
  Time since last request: 0.000176 seconds.
  path: Assets/CutScene/04_scene_temp.png
  artifactKey: Guid(8652332480a1f2f449554b7da86e4e48) Importer(815301076,1909f56bfc062723c751e8b465ee728b)
Start importing Assets/CutScene/04_scene_temp.png using Guid(8652332480a1f2f449554b7da86e4e48) Importer(815301076,1909f56bfc062723c751e8b465ee728b)  -> (artifact id: 'd9ffe8f44ce2b0a48a7be7bac814dcd3') in 0.009024 seconds 
  Import took 0.013982 seconds .

========================================================================
Received Import Request.
  Time since last request: 0.000157 seconds.
  path: Assets/CutScene/05_scene.png
  artifactKey: Guid(1d254a7b476577241974ff4e1198da8f) Importer(815301076,1909f56bfc062723c751e8b465ee728b)
Start importing Assets/CutScene/05_scene.png using Guid(1d254a7b476577241974ff4e1198da8f) Importer(815301076,1909f56bfc062723c751e8b465ee728b)  -> (artifact id: '3ec24a72e9d763888c01125237af4ef3') in 0.019288 seconds 
  Import took 0.023958 seconds .

========================================================================
Received Import Request.
  Time since last request: 0.000168 seconds.
  path: Assets/CutScene/01_scene_temp2.png
  artifactKey: Guid(ed3e4262266aa61408c6232c0bfc39d9) Importer(815301076,1909f56bfc062723c751e8b465ee728b)
Start importing Assets/CutScene/01_scene_temp2.png using Guid(ed3e4262266aa61408c6232c0bfc39d9) Importer(815301076,1909f56bfc062723c751e8b465ee728b)  -> (artifact id: '871c40dc968366fd3264fe63167928aa') in 0.008118 seconds 
  Import took 0.013306 seconds .

========================================================================
Received Import Request.
  Time since last request: 0.000192 seconds.
  path: Assets/CutScene/03_scene_temp.png
  artifactKey: Guid(d70e5a0f42ae7364da29fcf8c2ae7559) Importer(815301076,1909f56bfc062723c751e8b465ee728b)
Start importing Assets/CutScene/03_scene_temp.png using Guid(d70e5a0f42ae7364da29fcf8c2ae7559) Importer(815301076,1909f56bfc062723c751e8b465ee728b)  -> (artifact id: '684f8277eb74a04beb7f27f5bd843f84') in 0.008413 seconds 
  Import took 0.013502 seconds .

========================================================================
Received Import Request.
  Time since last request: 0.000178 seconds.
  path: Assets/CutScene/03_scene.png
  artifactKey: Guid(00613e9c548fd1c4ca5cc72bc5c8d907) Importer(815301076,1909f56bfc062723c751e8b465ee728b)
Start importing Assets/CutScene/03_scene.png using Guid(00613e9c548fd1c4ca5cc72bc5c8d907) Importer(815301076,1909f56bfc062723c751e8b465ee728b)  -> (artifact id: '7d0e8991f1fe5a3aee7f6ad5734b2b5f') in 0.018394 seconds 
  Import took 0.023949 seconds .

========================================================================
Received Import Request.
  Time since last request: 0.000171 seconds.
  path: Assets/CutScene/01_scene_temp.png
  artifactKey: Guid(dc9b2145421a4e4468bc062bd132674d) Importer(815301076,1909f56bfc062723c751e8b465ee728b)
Start importing Assets/CutScene/01_scene_temp.png using Guid(dc9b2145421a4e4468bc062bd132674d) Importer(815301076,1909f56bfc062723c751e8b465ee728b)  -> (artifact id: 'a062d86bd68b4ed255cf3f29925478d9') in 0.008666 seconds 
  Import took 0.013782 seconds .

========================================================================
Received Prepare
Registering precompiled user dll's ...
Registered in 0.004809 seconds.
Begin MonoManager ReloadAssembly
Native extension for WindowsStandalone target not found
Refreshing native plugins compatible for Editor in 0.68 ms, found 2 plugins.
Preloading 0 native plugins for Editor in 0.00 ms.
Mono: successfully reloaded assembly
- Completed reload, in  0.892 seconds
Domain Reload Profiling:
	ReloadAssembly (892ms)
		BeginReloadAssembly (120ms)
			ExecutionOrderSort (0ms)
			DisableScriptedObjects (3ms)
			BackupInstance (0ms)
			ReleaseScriptingObjects (0ms)
			CreateAndSetChildDomain (34ms)
		EndReloadAssembly (716ms)
			LoadAssemblies (87ms)
			RebuildTransferFunctionScriptingTraits (0ms)
			SetupTypeCache (227ms)
			ReleaseScriptCaches (2ms)
			RebuildScriptCaches (42ms)
			SetupLoadedEditorAssemblies (293ms)
				LogAssemblyErrors (0ms)
				InitializePlatformSupportModulesInManaged (4ms)
				SetLoadedEditorAssemblies (0ms)
				RefreshPlugins (1ms)
				BeforeProcessingInitializeOnLoad (75ms)
				ProcessInitializeOnLoadAttributes (197ms)
				ProcessInitializeOnLoadMethodAttributes (8ms)
				AfterProcessingInitializeOnLoad (8ms)
				EditorAssembliesLoaded (0ms)
			ExecutionOrderSort2 (0ms)
			AwakeInstancesAfterBackupRestoration (5ms)
Platform modules already initialized, skipping
Shader 'Universal Render Pipeline/Particles/Lit': fallback shader 'Universal Render Pipeline/Particles/SimpleLit' not found
Refreshing native plugins compatible for Editor in 0.68 ms, found 2 plugins.
Preloading 0 native plugins for Editor in 0.00 ms.
Unloading 3324 Unused Serialized files (Serialized files now loaded: 0)
System memory in use before: 157.2 MB.
System memory in use after: 157.4 MB.

Unloading 26 unused Assets to reduce memory usage. Loaded Objects now: 3912.
Total: 2.730600 ms (FindLiveObjects: 0.329000 ms CreateObjectMapping: 0.150800 ms MarkObjects: 2.125800 ms  DeleteObjects: 0.123900 ms)

AssetImportParameters requested are different than current active one (requested -> active):
  custom:framework-win-MediaFoundation: 216162199b28c13a410421893ffa2e32 -> 
  custom:video-decoder-ogg-theora: a1e56fd34408186e4bbccfd4996cb3dc -> 
  custom:container-muxer-webm: aa71ff27fc2769a1b78a27578f13a17b -> 
  custom:container-demuxer-webm: 4f35f7cbe854078d1ac9338744f61a02 -> 
  custom:container-demuxer-ogg: 62fdf1f143b41e24485cea50d1cbac27 -> 
  custom:video-encoder-webm-vp8: eb34c28f22e8b96e1ab97ce403110664 -> 
  custom:video-codec-MediaFoundation-h265: 746d11721c4dcdbdad8f713fa42b33f4 -> 
  custom:video-decoder-webm-vp8: 9c59270c3fd7afecdb556c50c9e8de78 -> 
  custom:audio-decoder-ogg-vorbis: bf7c407c2cedff20999df2af8eb42d56 -> 
  custom:audio-encoder-webm-vorbis: bf7c407c2cedff20999df2af8eb42d56 -> 
========================================================================
Received Prepare
Registering precompiled user dll's ...
Registered in 0.005019 seconds.
Begin MonoManager ReloadAssembly
Native extension for WindowsStandalone target not found
Refreshing native plugins compatible for Editor in 0.70 ms, found 2 plugins.
Preloading 0 native plugins for Editor in 0.00 ms.
Mono: successfully reloaded assembly
- Completed reload, in  0.883 seconds
Domain Reload Profiling:
	ReloadAssembly (884ms)
		BeginReloadAssembly (107ms)
			ExecutionOrderSort (0ms)
			DisableScriptedObjects (3ms)
			BackupInstance (0ms)
			ReleaseScriptingObjects (0ms)
			CreateAndSetChildDomain (33ms)
		EndReloadAssembly (721ms)
			LoadAssemblies (87ms)
			RebuildTransferFunctionScriptingTraits (0ms)
			SetupTypeCache (226ms)
			ReleaseScriptCaches (2ms)
			RebuildScriptCaches (43ms)
			SetupLoadedEditorAssemblies (295ms)
				LogAssemblyErrors (0ms)
				InitializePlatformSupportModulesInManaged (4ms)
				SetLoadedEditorAssemblies (0ms)
				RefreshPlugins (1ms)
				BeforeProcessingInitializeOnLoad (78ms)
				ProcessInitializeOnLoadAttributes (195ms)
				ProcessInitializeOnLoadMethodAttributes (8ms)
				AfterProcessingInitializeOnLoad (8ms)
				EditorAssembliesLoaded (0ms)
			ExecutionOrderSort2 (0ms)
			AwakeInstancesAfterBackupRestoration (5ms)
Platform modules already initialized, skipping
Shader 'Universal Render Pipeline/Particles/Lit': fallback shader 'Universal Render Pipeline/Particles/SimpleLit' not found
Refreshing native plugins compatible for Editor in 0.69 ms, found 2 plugins.
Preloading 0 native plugins for Editor in 0.00 ms.
Unloading 3324 Unused Serialized files (Serialized files now loaded: 0)
System memory in use before: 157.3 MB.
System memory in use after: 157.5 MB.

Unloading 26 unused Assets to reduce memory usage. Loaded Objects now: 3915.
Total: 2.742500 ms (FindLiveObjects: 0.360800 ms CreateObjectMapping: 0.167600 ms MarkObjects: 2.096700 ms  DeleteObjects: 0.116700 ms)

AssetImportParameters requested are different than current active one (requested -> active):
  custom:framework-win-MediaFoundation: 216162199b28c13a410421893ffa2e32 -> 
  custom:video-decoder-ogg-theora: a1e56fd34408186e4bbccfd4996cb3dc -> 
  custom:container-muxer-webm: aa71ff27fc2769a1b78a27578f13a17b -> 
  custom:container-demuxer-webm: 4f35f7cbe854078d1ac9338744f61a02 -> 
  custom:container-demuxer-ogg: 62fdf1f143b41e24485cea50d1cbac27 -> 
  custom:video-encoder-webm-vp8: eb34c28f22e8b96e1ab97ce403110664 -> 
  custom:video-codec-MediaFoundation-h265: 746d11721c4dcdbdad8f713fa42b33f4 -> 
  custom:video-decoder-webm-vp8: 9c59270c3fd7afecdb556c50c9e8de78 -> 
  custom:audio-decoder-ogg-vorbis: bf7c407c2cedff20999df2af8eb42d56 -> 
  custom:audio-encoder-webm-vorbis: bf7c407c2cedff20999df2af8eb42d56 -> 
========================================================================
Received Prepare
Registering precompiled user dll's ...
Registered in 0.004812 seconds.
Begin MonoManager ReloadAssembly
Native extension for WindowsStandalone target not found
Refreshing native plugins compatible for Editor in 0.83 ms, found 2 plugins.
Preloading 0 native plugins for Editor in 0.00 ms.
Mono: successfully reloaded assembly
- Completed reload, in  0.908 seconds
Domain Reload Profiling:
	ReloadAssembly (909ms)
		BeginReloadAssembly (118ms)
			ExecutionOrderSort (0ms)
			DisableScriptedObjects (3ms)
			BackupInstance (0ms)
			ReleaseScriptingObjects (0ms)
			CreateAndSetChildDomain (33ms)
		EndReloadAssembly (733ms)
			LoadAssemblies (90ms)
			RebuildTransferFunctionScriptingTraits (0ms)
			SetupTypeCache (237ms)
			ReleaseScriptCaches (2ms)
			RebuildScriptCaches (43ms)
			SetupLoadedEditorAssemblies (296ms)
				LogAssemblyErrors (0ms)
				InitializePlatformSupportModulesInManaged (4ms)
				SetLoadedEditorAssemblies (1ms)
				RefreshPlugins (1ms)
				BeforeProcessingInitializeOnLoad (77ms)
				ProcessInitializeOnLoadAttributes (196ms)
				ProcessInitializeOnLoadMethodAttributes (8ms)
				AfterProcessingInitializeOnLoad (8ms)
				EditorAssembliesLoaded (0ms)
			ExecutionOrderSort2 (0ms)
			AwakeInstancesAfterBackupRestoration (6ms)
Platform modules already initialized, skipping
Shader 'Universal Render Pipeline/Particles/Lit': fallback shader 'Universal Render Pipeline/Particles/SimpleLit' not found
Refreshing native plugins compatible for Editor in 0.68 ms, found 2 plugins.
Preloading 0 native plugins for Editor in 0.00 ms.
Unloading 3324 Unused Serialized files (Serialized files now loaded: 0)
System memory in use before: 157.3 MB.
System memory in use after: 157.5 MB.

Unloading 26 unused Assets to reduce memory usage. Loaded Objects now: 3918.
Total: 2.367700 ms (FindLiveObjects: 0.350900 ms CreateObjectMapping: 0.094900 ms MarkObjects: 1.802600 ms  DeleteObjects: 0.118500 ms)

AssetImportParameters requested are different than current active one (requested -> active):
  custom:framework-win-MediaFoundation: 216162199b28c13a410421893ffa2e32 -> 
  custom:video-decoder-ogg-theora: a1e56fd34408186e4bbccfd4996cb3dc -> 
  custom:container-muxer-webm: aa71ff27fc2769a1b78a27578f13a17b -> 
  custom:container-demuxer-webm: 4f35f7cbe854078d1ac9338744f61a02 -> 
  custom:container-demuxer-ogg: 62fdf1f143b41e24485cea50d1cbac27 -> 
  custom:video-encoder-webm-vp8: eb34c28f22e8b96e1ab97ce403110664 -> 
  custom:video-codec-MediaFoundation-h265: 746d11721c4dcdbdad8f713fa42b33f4 -> 
  custom:video-decoder-webm-vp8: 9c59270c3fd7afecdb556c50c9e8de78 -> 
  custom:audio-decoder-ogg-vorbis: bf7c407c2cedff20999df2af8eb42d56 -> 
  custom:audio-encoder-webm-vorbis: bf7c407c2cedff20999df2af8eb42d56 -> 
========================================================================
Received Prepare
Registering precompiled user dll's ...
Registered in 0.005426 seconds.
Begin MonoManager ReloadAssembly
Native extension for WindowsStandalone target not found
Refreshing native plugins compatible for Editor in 0.72 ms, found 2 plugins.
Preloading 0 native plugins for Editor in 0.00 ms.
Mono: successfully reloaded assembly
- Completed reload, in  0.931 seconds
Domain Reload Profiling:
	ReloadAssembly (932ms)
		BeginReloadAssembly (107ms)
			ExecutionOrderSort (0ms)
			DisableScriptedObjects (4ms)
			BackupInstance (0ms)
			ReleaseScriptingObjects (0ms)
			CreateAndSetChildDomain (30ms)
		EndReloadAssembly (767ms)
			LoadAssemblies (89ms)
			RebuildTransferFunctionScriptingTraits (0ms)
			SetupTypeCache (241ms)
			ReleaseScriptCaches (2ms)
			RebuildScriptCaches (50ms)
			SetupLoadedEditorAssemblies (313ms)
				LogAssemblyErrors (0ms)
				InitializePlatformSupportModulesInManaged (5ms)
				SetLoadedEditorAssemblies (0ms)
				RefreshPlugins (1ms)
				BeforeProcessingInitializeOnLoad (84ms)
				ProcessInitializeOnLoadAttributes (205ms)
				ProcessInitializeOnLoadMethodAttributes (9ms)
				AfterProcessingInitializeOnLoad (9ms)
				EditorAssembliesLoaded (0ms)
			ExecutionOrderSort2 (0ms)
			AwakeInstancesAfterBackupRestoration (5ms)
Platform modules already initialized, skipping
Shader 'Universal Render Pipeline/Particles/Lit': fallback shader 'Universal Render Pipeline/Particles/SimpleLit' not found
Refreshing native plugins compatible for Editor in 0.68 ms, found 2 plugins.
Preloading 0 native plugins for Editor in 0.00 ms.
Unloading 3324 Unused Serialized files (Serialized files now loaded: 0)
System memory in use before: 157.3 MB.
System memory in use after: 157.5 MB.

Unloading 26 unused Assets to reduce memory usage. Loaded Objects now: 3921.
Total: 2.782700 ms (FindLiveObjects: 0.348100 ms CreateObjectMapping: 0.192200 ms MarkObjects: 2.118800 ms  DeleteObjects: 0.122700 ms)

AssetImportParameters requested are different than current active one (requested -> active):
  custom:framework-win-MediaFoundation: 216162199b28c13a410421893ffa2e32 -> 
  custom:video-decoder-ogg-theora: a1e56fd34408186e4bbccfd4996cb3dc -> 
  custom:container-muxer-webm: aa71ff27fc2769a1b78a27578f13a17b -> 
  custom:container-demuxer-webm: 4f35f7cbe854078d1ac9338744f61a02 -> 
  custom:container-demuxer-ogg: 62fdf1f143b41e24485cea50d1cbac27 -> 
  custom:video-encoder-webm-vp8: eb34c28f22e8b96e1ab97ce403110664 -> 
  custom:video-codec-MediaFoundation-h265: 746d11721c4dcdbdad8f713fa42b33f4 -> 
  custom:video-decoder-webm-vp8: 9c59270c3fd7afecdb556c50c9e8de78 -> 
  custom:audio-decoder-ogg-vorbis: bf7c407c2cedff20999df2af8eb42d56 -> 
  custom:audio-encoder-webm-vorbis: bf7c407c2cedff20999df2af8eb42d56 -> 
========================================================================
Received Import Request.
  Time since last request: 6084.919538 seconds.
  path: Assets/CutScene/Prefabs
  artifactKey: Guid(4d3067c7ee806c14dbcd5418fe224a06) Importer(815301076,1909f56bfc062723c751e8b465ee728b)
Start importing Assets/CutScene/Prefabs using Guid(4d3067c7ee806c14dbcd5418fe224a06) Importer(815301076,1909f56bfc062723c751e8b465ee728b)  -> (artifact id: 'b18ec6afef8f08b3d9f26e4d50fa049d') in 0.008672 seconds 
  Import took 0.013851 seconds .

========================================================================
Received Import Request.
  Time since last request: 0.067845 seconds.
  path: Assets/CutScene/Prefabs/01_scene.prefab
  artifactKey: Guid(50d7abeb47b26c5448b01a7dca91ef69) Importer(815301076,1909f56bfc062723c751e8b465ee728b)
Start importing Assets/CutScene/Prefabs/01_scene.prefab using Guid(50d7abeb47b26c5448b01a7dca91ef69) Importer(815301076,1909f56bfc062723c751e8b465ee728b)  -> (artifact id: '38bb02a955ac9e7d5faca842b997c021') in 0.085461 seconds 
  Import took 0.091635 seconds .

========================================================================
Received Import Request.
  Time since last request: 4.437258 seconds.
  path: Assets/Models/Materials
  artifactKey: Guid(11eeee88a55a39441b42f3e06a7d6824) Importer(815301076,1909f56bfc062723c751e8b465ee728b)
Start importing Assets/Models/Materials using Guid(11eeee88a55a39441b42f3e06a7d6824) Importer(815301076,1909f56bfc062723c751e8b465ee728b)  -> (artifact id: 'aec351db155f1619f9fa88a94f0c38ca') in 0.003327 seconds 
  Import took 0.008396 seconds .

========================================================================
Received Import Request.
  Time since last request: 0.071295 seconds.
  path: Assets/Models/Materials/black marble.mat
  artifactKey: Guid(d256c50caec2edf43bd01c75ecb3c530) Importer(815301076,1909f56bfc062723c751e8b465ee728b)
Start importing Assets/Models/Materials/black marble.mat using Guid(d256c50caec2edf43bd01c75ecb3c530) Importer(815301076,1909f56bfc062723c751e8b465ee728b)  -> (artifact id: '6af87e655c0a7aa60bce946a9baf0591') in 0.061930 seconds 
  Import took 0.067370 seconds .

========================================================================
Received Import Request.
  Time since last request: 0.000175 seconds.
  path: Assets/Models/Materials/piece_p2.mat
  artifactKey: Guid(897456d6df4b6fb488ad9fc9caa89f9b) Importer(815301076,1909f56bfc062723c751e8b465ee728b)
Start importing Assets/Models/Materials/piece_p2.mat using Guid(897456d6df4b6fb488ad9fc9caa89f9b) Importer(815301076,1909f56bfc062723c751e8b465ee728b)  -> (artifact id: '334bdf03fd8ab5a8e7f72aa94d9e83d0') in 0.012126 seconds 
  Import took 0.017084 seconds .

========================================================================
Received Import Request.
  Time since last request: 0.000175 seconds.
  path: Assets/Models/Materials/ornate-celtic-gold-normal-ogl.mat
  artifactKey: Guid(7e13d3fb78fcbfd4ba64ea371ca133cc) Importer(815301076,1909f56bfc062723c751e8b465ee728b)
Start importing Assets/Models/Materials/ornate-celtic-gold-normal-ogl.mat using Guid(7e13d3fb78fcbfd4ba64ea371ca133cc) Importer(815301076,1909f56bfc062723c751e8b465ee728b)  -> (artifact id: 'f34f7f88ebfab01ad087e87da186b809') in 0.041086 seconds 
  Import took 0.046070 seconds .

========================================================================
Received Import Request.
  Time since last request: 0.000156 seconds.
  path: Assets/Models/Materials/ornate-celtic-gold-height.mat
  artifactKey: Guid(451fab1b50bda2e4893dd398069ed55a) Importer(815301076,1909f56bfc062723c751e8b465ee728b)
Start importing Assets/Models/Materials/ornate-celtic-gold-height.mat using Guid(451fab1b50bda2e4893dd398069ed55a) Importer(815301076,1909f56bfc062723c751e8b465ee728b)  -> (artifact id: 'b74b5a8eb2cbf8a524669d1e4431de65') in 0.043560 seconds 
  Import took 0.048505 seconds .

========================================================================
Received Import Request.
  Time since last request: 0.000152 seconds.
  path: Assets/Models/Materials/No Name.mat
  artifactKey: Guid(5a9b96f9b9a51da42a757c0ab0fe57ea) Importer(815301076,1909f56bfc062723c751e8b465ee728b)
Start importing Assets/Models/Materials/No Name.mat using Guid(5a9b96f9b9a51da42a757c0ab0fe57ea) Importer(815301076,1909f56bfc062723c751e8b465ee728b)  -> (artifact id: '686cc2f688c94a21fa1e2619baf893b7') in 0.034947 seconds 
  Import took 0.039677 seconds .

========================================================================
Received Import Request.
  Time since last request: 0.000229 seconds.
  path: Assets/Models/Materials/piece_p1.mat
  artifactKey: Guid(1fff9781423e51445b73ec2b4b1f3dd6) Importer(815301076,1909f56bfc062723c751e8b465ee728b)
Start importing Assets/Models/Materials/piece_p1.mat using Guid(1fff9781423e51445b73ec2b4b1f3dd6) Importer(815301076,1909f56bfc062723c751e8b465ee728b)  -> (artifact id: 'd5471af438a2dcc095a5415b8e5759a2') in 0.037623 seconds 
  Import took 0.042859 seconds .

========================================================================
Received Import Request.
  Time since last request: 0.000232 seconds.
  path: Assets/Models/Materials/wood.mat
  artifactKey: Guid(291f8233d778a4943abdbb6366b55cbe) Importer(815301076,1909f56bfc062723c751e8b465ee728b)
Start importing Assets/Models/Materials/wood.mat using Guid(291f8233d778a4943abdbb6366b55cbe) Importer(815301076,1909f56bfc062723c751e8b465ee728b)  -> (artifact id: 'a2b085ce20c304be8ef42071cf1beb5a') in 0.029000 seconds 
  Import took 0.034157 seconds .

========================================================================
Received Import Request.
  Time since last request: 0.000163 seconds.
  path: Assets/Models/Materials/white marble.mat
  artifactKey: Guid(5e3898849daa5ef428e16379e85f2efe) Importer(815301076,1909f56bfc062723c751e8b465ee728b)
Start importing Assets/Models/Materials/white marble.mat using Guid(5e3898849daa5ef428e16379e85f2efe) Importer(815301076,1909f56bfc062723c751e8b465ee728b)  -> (artifact id: 'f0882b2c8606702ad7a4a593e939f6dc') in 0.013998 seconds 
  Import took 0.019060 seconds .

========================================================================
Received Import Request.
  Time since last request: 0.000183 seconds.
  path: Assets/Models/Materials/ornate-celtic-gold-albedo.mat
  artifactKey: Guid(8a6238105f197654db03484e9d2cf4a7) Importer(815301076,1909f56bfc062723c751e8b465ee728b)
Start importing Assets/Models/Materials/ornate-celtic-gold-albedo.mat using Guid(8a6238105f197654db03484e9d2cf4a7) Importer(815301076,1909f56bfc062723c751e8b465ee728b)  -> (artifact id: '1944d4fdb05c06d1439c103069f2bb1e') in 0.014309 seconds 
  Import took 0.019495 seconds .

========================================================================
Received Import Request.
  Time since last request: 0.000187 seconds.
  path: Assets/Models/Materials/Pawn.mat
  artifactKey: Guid(4c476e74fa1bc1b48b4cfcc7b770c7a2) Importer(815301076,1909f56bfc062723c751e8b465ee728b)
Start importing Assets/Models/Materials/Pawn.mat using Guid(4c476e74fa1bc1b48b4cfcc7b770c7a2) Importer(815301076,1909f56bfc062723c751e8b465ee728b)  -> (artifact id: 'efa4b9d30ccbaddd50830c918909a5fe') in 0.009955 seconds 
  Import took 0.015149 seconds .

========================================================================
Received Import Request.
  Time since last request: 0.000186 seconds.
  path: Assets/Models/Materials/pawn_material.mat
  artifactKey: Guid(14d6f3084a93b604394c93613537bd0d) Importer(815301076,1909f56bfc062723c751e8b465ee728b)
Start importing Assets/Models/Materials/pawn_material.mat using Guid(14d6f3084a93b604394c93613537bd0d) Importer(815301076,1909f56bfc062723c751e8b465ee728b)  -> (artifact id: 'ad643fced26c771fd7309f4950add494') in 0.010188 seconds 
  Import took 0.015615 seconds .

========================================================================
Received Import Request.
  Time since last request: 0.000166 seconds.
  path: Assets/Models/Materials/tile.mat
  artifactKey: Guid(f89caece0f0e6fe408f96af805b91f5c) Importer(815301076,1909f56bfc062723c751e8b465ee728b)
Start importing Assets/Models/Materials/tile.mat using Guid(f89caece0f0e6fe408f96af805b91f5c) Importer(815301076,1909f56bfc062723c751e8b465ee728b)  -> (artifact id: '1fcd9b3c6cd0c385cad4b58f2ef9696a') in 0.010198 seconds 
  Import took 0.015557 seconds .

========================================================================
Received Import Request.
  Time since last request: 0.000166 seconds.
  path: Assets/Models/Materials/stringy_marble_ao.mat
  artifactKey: Guid(9a80ee98d05d67b4e889eb869b60e55d) Importer(815301076,1909f56bfc062723c751e8b465ee728b)
Start importing Assets/Models/Materials/stringy_marble_ao.mat using Guid(9a80ee98d05d67b4e889eb869b60e55d) Importer(815301076,1909f56bfc062723c751e8b465ee728b)  -> (artifact id: 'aa92978fa855cdf64b0b8e8d74bff75c') in 0.013664 seconds 
  Import took 0.018816 seconds .

========================================================================
Received Import Request.
  Time since last request: 0.000189 seconds.
  path: Assets/Models/Materials/tile 2.mat
  artifactKey: Guid(819872274c3cebd468ce00de309d6ab1) Importer(815301076,1909f56bfc062723c751e8b465ee728b)
Start importing Assets/Models/Materials/tile 2.mat using Guid(819872274c3cebd468ce00de309d6ab1) Importer(815301076,1909f56bfc062723c751e8b465ee728b)  -> (artifact id: '279ddea5037b61d9496bd7c4c9cf7a8d') in 0.010280 seconds 
  Import took 0.015179 seconds .

========================================================================
Received Import Request.
  Time since last request: 0.000170 seconds.
  path: Assets/Models/Materials/GoldShine.mat
  artifactKey: Guid(dfc6308e6698226418a3f22129f56002) Importer(815301076,1909f56bfc062723c751e8b465ee728b)
Start importing Assets/Models/Materials/GoldShine.mat using Guid(dfc6308e6698226418a3f22129f56002) Importer(815301076,1909f56bfc062723c751e8b465ee728b)  -> (artifact id: '0df69a52ecf15a197b11d4c2554cdb13') in 0.024914 seconds 
  Import took 0.030140 seconds .

========================================================================
Received Import Request.
  Time since last request: 0.733106 seconds.
  path: Assets/Models/Materials/highlights
  artifactKey: Guid(71e9bc943f9e7644a994672b38217b70) Importer(815301076,1909f56bfc062723c751e8b465ee728b)
Start importing Assets/Models/Materials/highlights using Guid(71e9bc943f9e7644a994672b38217b70) Importer(815301076,1909f56bfc062723c751e8b465ee728b)  -> (artifact id: '4140abebb3d3807d1913bd84d15fe774') in 0.003305 seconds 
  Import took 0.008620 seconds .

========================================================================
Received Import Request.
  Time since last request: 0.067180 seconds.
  path: Assets/Models/Materials/highlights/check highlight.mat
  artifactKey: Guid(ed25974b9073dd24d91289e3f514f269) Importer(815301076,1909f56bfc062723c751e8b465ee728b)
Start importing Assets/Models/Materials/highlights/check highlight.mat using Guid(ed25974b9073dd24d91289e3f514f269) Importer(815301076,1909f56bfc062723c751e8b465ee728b)  -> (artifact id: '6be18572debb78fa8bdfa4bb355c96fb') in 0.019234 seconds 
  Import took 0.024199 seconds .

========================================================================
Received Import Request.
  Time since last request: 0.000165 seconds.
  path: Assets/Models/Materials/highlights/move highlight.mat
  artifactKey: Guid(1fda70eec16b8fd4d94fda5200ef34cf) Importer(815301076,1909f56bfc062723c751e8b465ee728b)
Start importing Assets/Models/Materials/highlights/move highlight.mat using Guid(1fda70eec16b8fd4d94fda5200ef34cf) Importer(815301076,1909f56bfc062723c751e8b465ee728b)  -> (artifact id: '540bf00129eb75c5115e0aa8f5d6719c') in 0.160867 seconds 
  Import took 0.165793 seconds .

========================================================================
Received Import Request.
  Time since last request: 0.000172 seconds.
  path: Assets/Models/Materials/highlights/eat highlight.mat
  artifactKey: Guid(de50cc6ca7d3e9e4e954a4dd867f3ab3) Importer(815301076,1909f56bfc062723c751e8b465ee728b)
Start importing Assets/Models/Materials/highlights/eat highlight.mat using Guid(de50cc6ca7d3e9e4e954a4dd867f3ab3) Importer(815301076,1909f56bfc062723c751e8b465ee728b)  -> (artifact id: 'edcd950521eb927caa83126ba0e35ccd') in 0.013296 seconds 
  Import took 0.018118 seconds .

========================================================================
Received Prepare
Shader 'Universal Render Pipeline/Particles/Lit': fallback shader 'Universal Render Pipeline/Particles/SimpleLit' not found
Refreshing native plugins compatible for Editor in 3.71 ms, found 2 plugins.
Preloading 0 native plugins for Editor in 0.00 ms.
Unloading 12 Unused Serialized files (Serialized files now loaded: 0)
System memory in use before: 92.1 MB.
System memory in use after: 92.3 MB.

Unloading 13 unused Assets to reduce memory usage. Loaded Objects now: 3959.
Total: 3.223100 ms (FindLiveObjects: 0.323700 ms CreateObjectMapping: 0.177400 ms MarkObjects: 2.596900 ms  DeleteObjects: 0.124200 ms)

AssetImportParameters requested are different than current active one (requested -> active):
  custom:framework-win-MediaFoundation: 216162199b28c13a410421893ffa2e32 -> 
  custom:video-decoder-ogg-theora: a1e56fd34408186e4bbccfd4996cb3dc -> 
  custom:container-muxer-webm: aa71ff27fc2769a1b78a27578f13a17b -> 
  custom:container-demuxer-webm: 4f35f7cbe854078d1ac9338744f61a02 -> 
  custom:container-demuxer-ogg: 62fdf1f143b41e24485cea50d1cbac27 -> 
  custom:video-encoder-webm-vp8: eb34c28f22e8b96e1ab97ce403110664 -> 
  custom:video-codec-MediaFoundation-h265: 746d11721c4dcdbdad8f713fa42b33f4 -> 
  custom:video-decoder-webm-vp8: 9c59270c3fd7afecdb556c50c9e8de78 -> 
  custom:audio-decoder-ogg-vorbis: bf7c407c2cedff20999df2af8eb42d56 -> 
  custom:audio-encoder-webm-vorbis: bf7c407c2cedff20999df2af8eb42d56 -> 
========================================================================
Received Prepare
Registering precompiled user dll's ...
Registered in 0.005909 seconds.
Begin MonoManager ReloadAssembly
Native extension for WindowsStandalone target not found
Refreshing native plugins compatible for Editor in 0.69 ms, found 2 plugins.
Preloading 0 native plugins for Editor in 0.00 ms.
Mono: successfully reloaded assembly
- Completed reload, in  0.891 seconds
Domain Reload Profiling:
	ReloadAssembly (892ms)
		BeginReloadAssembly (103ms)
			ExecutionOrderSort (0ms)
			DisableScriptedObjects (3ms)
			BackupInstance (0ms)
			ReleaseScriptingObjects (0ms)
			CreateAndSetChildDomain (30ms)
		EndReloadAssembly (729ms)
			LoadAssemblies (88ms)
			RebuildTransferFunctionScriptingTraits (0ms)
			SetupTypeCache (233ms)
			ReleaseScriptCaches (2ms)
			RebuildScriptCaches (43ms)
			SetupLoadedEditorAssemblies (295ms)
				LogAssemblyErrors (0ms)
				InitializePlatformSupportModulesInManaged (4ms)
				SetLoadedEditorAssemblies (0ms)
				RefreshPlugins (1ms)
				BeforeProcessingInitializeOnLoad (76ms)
				ProcessInitializeOnLoadAttributes (196ms)
				ProcessInitializeOnLoadMethodAttributes (9ms)
				AfterProcessingInitializeOnLoad (8ms)
				EditorAssembliesLoaded (0ms)
			ExecutionOrderSort2 (0ms)
			AwakeInstancesAfterBackupRestoration (5ms)
Platform modules already initialized, skipping
Shader 'Universal Render Pipeline/Particles/Lit': fallback shader 'Universal Render Pipeline/Particles/SimpleLit' not found
Refreshing native plugins compatible for Editor in 0.69 ms, found 2 plugins.
Preloading 0 native plugins for Editor in 0.00 ms.
Unloading 3324 Unused Serialized files (Serialized files now loaded: 0)
System memory in use before: 158.2 MB.
System memory in use after: 158.4 MB.

Unloading 26 unused Assets to reduce memory usage. Loaded Objects now: 3962.
Total: 2.900800 ms (FindLiveObjects: 0.308400 ms CreateObjectMapping: 0.158400 ms MarkObjects: 2.288200 ms  DeleteObjects: 0.144800 ms)

AssetImportParameters requested are different than current active one (requested -> active):
  custom:framework-win-MediaFoundation: 216162199b28c13a410421893ffa2e32 -> 
  custom:video-decoder-ogg-theora: a1e56fd34408186e4bbccfd4996cb3dc -> 
  custom:container-muxer-webm: aa71ff27fc2769a1b78a27578f13a17b -> 
  custom:container-demuxer-webm: 4f35f7cbe854078d1ac9338744f61a02 -> 
  custom:container-demuxer-ogg: 62fdf1f143b41e24485cea50d1cbac27 -> 
  custom:video-encoder-webm-vp8: eb34c28f22e8b96e1ab97ce403110664 -> 
  custom:video-codec-MediaFoundation-h265: 746d11721c4dcdbdad8f713fa42b33f4 -> 
  custom:video-decoder-webm-vp8: 9c59270c3fd7afecdb556c50c9e8de78 -> 
  custom:audio-decoder-ogg-vorbis: bf7c407c2cedff20999df2af8eb42d56 -> 
  custom:audio-encoder-webm-vorbis: bf7c407c2cedff20999df2af8eb42d56 -> 
========================================================================
Received Prepare
Shader 'Universal Render Pipeline/Particles/Lit': fallback shader 'Universal Render Pipeline/Particles/SimpleLit' not found
Refreshing native plugins compatible for Editor in 4.42 ms, found 2 plugins.
Preloading 0 native plugins for Editor in 0.00 ms.
Unloading 12 Unused Serialized files (Serialized files now loaded: 0)
System memory in use before: 91.7 MB.
System memory in use after: 91.9 MB.

Unloading 12 unused Assets to reduce memory usage. Loaded Objects now: 3962.
Total: 4.323600 ms (FindLiveObjects: 0.468300 ms CreateObjectMapping: 0.279600 ms MarkObjects: 3.369000 ms  DeleteObjects: 0.204200 ms)

AssetImportParameters requested are different than current active one (requested -> active):
  custom:framework-win-MediaFoundation: 216162199b28c13a410421893ffa2e32 -> 
  custom:video-decoder-ogg-theora: a1e56fd34408186e4bbccfd4996cb3dc -> 
  custom:container-muxer-webm: aa71ff27fc2769a1b78a27578f13a17b -> 
  custom:container-demuxer-webm: 4f35f7cbe854078d1ac9338744f61a02 -> 
  custom:container-demuxer-ogg: 62fdf1f143b41e24485cea50d1cbac27 -> 
  custom:video-encoder-webm-vp8: eb34c28f22e8b96e1ab97ce403110664 -> 
  custom:video-codec-MediaFoundation-h265: 746d11721c4dcdbdad8f713fa42b33f4 -> 
  custom:video-decoder-webm-vp8: 9c59270c3fd7afecdb556c50c9e8de78 -> 
  custom:audio-decoder-ogg-vorbis: bf7c407c2cedff20999df2af8eb42d56 -> 
  custom:audio-encoder-webm-vorbis: bf7c407c2cedff20999df2af8eb42d56 -> 
AssetImportWorkerClient::OnTransportError - code=2 error=End of file
